<?xml version="1.0" encoding="UTF-8"?>
<coverage generated="1685188561394" clover="3.2.0">
  <project timestamp="1685188561394" name="All files">
    <metrics statements="96" coveredstatements="96" conditionals="31" coveredconditionals="31" methods="13" coveredmethods="13" elements="140" coveredelements="140" complexity="0" loc="96" ncloc="96" packages="1" files="1" classes="1"/>
    <file name="Statistics.js" path="C:\Users\Kirill\Desktop\ВКР\attendance\attendance-app\src\pages\Statistics.js">
      <metrics statements="96" coveredstatements="96" conditionals="31" coveredconditionals="31" methods="13" coveredmethods="13"/>
      <line num="3" count="1" type="stmt"/>
      <line num="12" count="24" type="stmt"/>
      <line num="13" count="164" type="stmt"/>
      <line num="15" count="24" type="stmt"/>
      <line num="17" count="120" type="stmt"/>
      <line num="19" count="24" type="stmt"/>
      <line num="20" count="24" type="stmt"/>
      <line num="21" count="106" type="stmt"/>
      <line num="22" count="106" type="stmt"/>
      <line num="23" count="106" type="cond" truecount="2" falsecount="0"/>
      <line num="24" count="53" type="stmt"/>
      <line num="25" count="53" type="stmt"/>
      <line num="26" count="53" type="stmt"/>
      <line num="34" count="24" type="stmt"/>
      <line num="36" count="24" type="stmt"/>
      <line num="44" count="24" type="stmt"/>
      <line num="48" count="24" type="stmt"/>
      <line num="49" count="120" type="stmt"/>
      <line num="51" count="135" type="cond" truecount="3" falsecount="0"/>
      <line num="52" count="120" type="stmt"/>
      <line num="54" count="120" type="cond" truecount="2" falsecount="0"/>
      <line num="55" count="9" type="stmt"/>
      <line num="58" count="261" type="cond" truecount="2" falsecount="0"/>
      <line num="59" count="54" type="stmt"/>
      <line num="62" count="57" type="stmt"/>
      <line num="63" count="57" type="stmt"/>
      <line num="66" count="57" type="stmt"/>
      <line num="67" count="131" type="stmt"/>
      <line num="68" count="131" type="cond" truecount="6" falsecount="0"/>
      <line num="70" count="83" type="stmt"/>
      <line num="73" count="48" type="stmt"/>
      <line num="74" count="48" type="stmt"/>
      <line num="76" count="48" type="stmt"/>
      <line num="77" count="48" type="stmt"/>
      <line num="79" count="48" type="cond" truecount="4" falsecount="0"/>
      <line num="80" count="22" type="stmt"/>
      <line num="83" count="57" type="stmt"/>
      <line num="84" count="57" type="stmt"/>
      <line num="86" count="57" type="cond" truecount="2" falsecount="0"/>
      <line num="87" count="22" type="stmt"/>
      <line num="88" count="22" type="stmt"/>
      <line num="91" count="57" type="cond" truecount="2" falsecount="0"/>
      <line num="92" count="9" type="stmt"/>
      <line num="94" count="48" type="stmt"/>
      <line num="96" count="48" type="stmt"/>
      <line num="98" count="48" type="stmt"/>
      <line num="99" count="48" type="stmt"/>
      <line num="100" count="48" type="cond" truecount="2" falsecount="0"/>
      <line num="101" count="13" type="stmt"/>
      <line num="103" count="48" type="stmt"/>
      <line num="106" count="48" type="cond" truecount="2" falsecount="0"/>
      <line num="107" count="13" type="stmt"/>
      <line num="110" count="48" type="stmt"/>
      <line num="113" count="24" type="stmt"/>
      <line num="114" count="24" type="stmt"/>
      <line num="116" count="24" type="stmt"/>
      <line num="120" count="2" type="stmt"/>
      <line num="121" count="2" type="stmt"/>
      <line num="122" count="2" type="stmt"/>
      <line num="124" count="2" type="stmt"/>
      <line num="128" count="2" type="stmt"/>
      <line num="129" count="4" type="stmt"/>
      <line num="130" count="4" type="stmt"/>
      <line num="131" count="4" type="stmt"/>
      <line num="132" count="4" type="stmt"/>
      <line num="133" count="4" type="stmt"/>
      <line num="134" count="4" type="stmt"/>
      <line num="136" count="4" type="stmt"/>
      <line num="139" count="2" type="stmt"/>
      <line num="143" count="6" type="stmt"/>
      <line num="145" count="6" type="stmt"/>
      <line num="149" count="6" type="stmt"/>
      <line num="150" count="144" type="stmt"/>
      <line num="151" count="84" type="stmt"/>
      <line num="152" count="12" type="stmt"/>
      <line num="154" count="12" type="stmt"/>
      <line num="155" count="12" type="stmt"/>
      <line num="156" count="12" type="stmt"/>
      <line num="157" count="12" type="stmt"/>
      <line num="158" count="12" type="stmt"/>
      <line num="161" count="6" type="stmt"/>
      <line num="163" count="6" type="stmt"/>
      <line num="167" count="2" type="stmt"/>
      <line num="168" count="2" type="stmt"/>
      <line num="169" count="2" type="stmt"/>
      <line num="171" count="2" type="stmt"/>
      <line num="175" count="2" type="stmt"/>
      <line num="176" count="4" type="stmt"/>
      <line num="177" count="4" type="stmt"/>
      <line num="178" count="4" type="stmt"/>
      <line num="179" count="4" type="stmt"/>
      <line num="180" count="4" type="stmt"/>
      <line num="181" count="4" type="stmt"/>
      <line num="183" count="4" type="stmt"/>
      <line num="186" count="2" type="stmt"/>
      <line num="188" count="2" type="stmt"/>
    </file>
  </project>
</coverage>
