{"C:\\Users\\Kirill\\Desktop\\ВКР\\attendance\\attendance-app\\src\\pages\\Statistics.js": {"path":"C:\\Users\\Kirill\\Desktop\\ВКР\\attendance\\attendance-app\\src\\pages\\Statistics.js","statementMap":{"0":{"start":{"line":3,"column":21},"end":{"line":9,"column":1}},"1":{"start":{"line":12,"column":4},"end":{"line":12,"column":36}},"2":{"start":{"line":13,"column":22},"end":{"line":13,"column":82}},"3":{"start":{"line":13,"column":43},"end":{"line":13,"column":81}},"4":{"start":{"line":15,"column":21},"end":{"line":15,"column":23}},"5":{"start":{"line":17,"column":4},"end":{"line":17,"column":76}},"6":{"start":{"line":17,"column":40},"end":{"line":17,"column":74}},"7":{"start":{"line":19,"column":25},"end":{"line":19,"column":27}},"8":{"start":{"line":20,"column":4},"end":{"line":32,"column":5}},"9":{"start":{"line":20,"column":21},"end":{"line":20,"column":22}},"10":{"start":{"line":21,"column":24},"end":{"line":21,"column":42}},"11":{"start":{"line":22,"column":8},"end":{"line":31,"column":9}},"12":{"start":{"line":23,"column":12},"end":{"line":27,"column":13}},"13":{"start":{"line":24,"column":32},"end":{"line":24,"column":142}},"14":{"start":{"line":25,"column":31},"end":{"line":25,"column":133}},"15":{"start":{"line":26,"column":16},"end":{"line":26,"column":74}},"16":{"start":{"line":34,"column":19},"end":{"line":34,"column":21}},"17":{"start":{"line":36,"column":23},"end":{"line":42,"column":5}},"18":{"start":{"line":44,"column":21},"end":{"line":46,"column":5}},"19":{"start":{"line":48,"column":4},"end":{"line":111,"column":5}},"20":{"start":{"line":48,"column":17},"end":{"line":48,"column":18}},"21":{"start":{"line":49,"column":26},"end":{"line":49,"column":41}},"22":{"start":{"line":51,"column":24},"end":{"line":51,"column":156}},"23":{"start":{"line":51,"column":74},"end":{"line":51,"column":86}},"24":{"start":{"line":51,"column":136},"end":{"line":51,"column":148}},"25":{"start":{"line":52,"column":8},"end":{"line":52,"column":46}},"26":{"start":{"line":54,"column":8},"end":{"line":56,"column":9}},"27":{"start":{"line":55,"column":12},"end":{"line":55,"column":21}},"28":{"start":{"line":58,"column":8},"end":{"line":64,"column":9}},"29":{"start":{"line":58,"column":34},"end":{"line":58,"column":46}},"30":{"start":{"line":59,"column":12},"end":{"line":59,"column":21}},"31":{"start":{"line":62,"column":12},"end":{"line":62,"column":44}},"32":{"start":{"line":63,"column":12},"end":{"line":63,"column":36}},"33":{"start":{"line":66,"column":8},"end":{"line":81,"column":9}},"34":{"start":{"line":66,"column":21},"end":{"line":66,"column":22}},"35":{"start":{"line":67,"column":25},"end":{"line":67,"column":42}},"36":{"start":{"line":68,"column":12},"end":{"line":71,"column":13}},"37":{"start":{"line":70,"column":16},"end":{"line":70,"column":25}},"38":{"start":{"line":73,"column":24},"end":{"line":73,"column":63}},"39":{"start":{"line":74,"column":22},"end":{"line":74,"column":58}},"40":{"start":{"line":76,"column":12},"end":{"line":76,"column":53}},"41":{"start":{"line":77,"column":12},"end":{"line":77,"column":67}},"42":{"start":{"line":79,"column":12},"end":{"line":80,"column":69}},"43":{"start":{"line":79,"column":36},"end":{"line":79,"column":79}},"44":{"start":{"line":80,"column":16},"end":{"line":80,"column":69}},"45":{"start":{"line":83,"column":8},"end":{"line":83,"column":66}},"46":{"start":{"line":84,"column":8},"end":{"line":84,"column":54}},"47":{"start":{"line":86,"column":8},"end":{"line":89,"column":9}},"48":{"start":{"line":87,"column":12},"end":{"line":87,"column":43}},"49":{"start":{"line":88,"column":12},"end":{"line":88,"column":45}},"50":{"start":{"line":91,"column":8},"end":{"line":92,"column":21}},"51":{"start":{"line":92,"column":12},"end":{"line":92,"column":21}},"52":{"start":{"line":94,"column":24},"end":{"line":94,"column":44}},"53":{"start":{"line":96,"column":21},"end":{"line":96,"column":23}},"54":{"start":{"line":98,"column":26},"end":{"line":98,"column":41}},"55":{"start":{"line":99,"column":8},"end":{"line":104,"column":9}},"56":{"start":{"line":100,"column":12},"end":{"line":102,"column":13}},"57":{"start":{"line":101,"column":16},"end":{"line":101,"column":68}},"58":{"start":{"line":103,"column":12},"end":{"line":103,"column":59}},"59":{"start":{"line":106,"column":8},"end":{"line":108,"column":9}},"60":{"start":{"line":107,"column":12},"end":{"line":107,"column":66}},"61":{"start":{"line":110,"column":8},"end":{"line":110,"column":46}},"62":{"start":{"line":113,"column":4},"end":{"line":113,"column":90}},"63":{"start":{"line":114,"column":4},"end":{"line":114,"column":82}},"64":{"start":{"line":116,"column":4},"end":{"line":116,"column":106}},"65":{"start":{"line":120,"column":16},"end":{"line":120,"column":18}},"66":{"start":{"line":121,"column":22},"end":{"line":121,"column":54}},"67":{"start":{"line":122,"column":18},"end":{"line":122,"column":48}},"68":{"start":{"line":124,"column":21},"end":{"line":126,"column":5}},"69":{"start":{"line":128,"column":4},"end":{"line":137,"column":5}},"70":{"start":{"line":129,"column":17},"end":{"line":129,"column":107}},"71":{"start":{"line":130,"column":6},"end":{"line":130,"column":47}},"72":{"start":{"line":131,"column":6},"end":{"line":131,"column":53}},"73":{"start":{"line":132,"column":6},"end":{"line":132,"column":53}},"74":{"start":{"line":133,"column":6},"end":{"line":133,"column":67}},"75":{"start":{"line":134,"column":6},"end":{"line":134,"column":51}},"76":{"start":{"line":136,"column":6},"end":{"line":136,"column":32}},"77":{"start":{"line":139,"column":4},"end":{"line":139,"column":46}},"78":{"start":{"line":143,"column":16},"end":{"line":143,"column":18}},"79":{"start":{"line":145,"column":21},"end":{"line":147,"column":5}},"80":{"start":{"line":149,"column":4},"end":{"line":159,"column":7}},"81":{"start":{"line":150,"column":30},"end":{"line":150,"column":78}},"82":{"start":{"line":150,"column":51},"end":{"line":150,"column":77}},"83":{"start":{"line":151,"column":32},"end":{"line":151,"column":86}},"84":{"start":{"line":151,"column":55},"end":{"line":151,"column":85}},"85":{"start":{"line":152,"column":19},"end":{"line":152,"column":97}},"86":{"start":{"line":154,"column":8},"end":{"line":154,"column":49}},"87":{"start":{"line":155,"column":8},"end":{"line":155,"column":55}},"88":{"start":{"line":156,"column":8},"end":{"line":156,"column":55}},"89":{"start":{"line":157,"column":8},"end":{"line":157,"column":69}},"90":{"start":{"line":158,"column":8},"end":{"line":158,"column":33}},"91":{"start":{"line":161,"column":4},"end":{"line":161,"column":45}},"92":{"start":{"line":163,"column":4},"end":{"line":163,"column":50}},"93":{"start":{"line":167,"column":16},"end":{"line":167,"column":18}},"94":{"start":{"line":168,"column":22},"end":{"line":168,"column":54}},"95":{"start":{"line":169,"column":18},"end":{"line":169,"column":48}},"96":{"start":{"line":171,"column":21},"end":{"line":173,"column":5}},"97":{"start":{"line":175,"column":4},"end":{"line":184,"column":5}},"98":{"start":{"line":176,"column":17},"end":{"line":176,"column":122}},"99":{"start":{"line":177,"column":6},"end":{"line":177,"column":47}},"100":{"start":{"line":178,"column":6},"end":{"line":178,"column":53}},"101":{"start":{"line":179,"column":6},"end":{"line":179,"column":53}},"102":{"start":{"line":180,"column":6},"end":{"line":180,"column":67}},"103":{"start":{"line":181,"column":6},"end":{"line":181,"column":51}},"104":{"start":{"line":183,"column":6},"end":{"line":183,"column":32}},"105":{"start":{"line":186,"column":4},"end":{"line":186,"column":113}},"106":{"start":{"line":188,"column":4},"end":{"line":188,"column":46}}},"fnMap":{"0":{"name":"getStudentStatRanges","decl":{"start":{"line":11,"column":16},"end":{"line":11,"column":36}},"loc":{"start":{"line":11,"column":86},"end":{"line":117,"column":1}},"line":11},"1":{"name":"(anonymous_1)","decl":{"start":{"line":13,"column":38},"end":{"line":13,"column":39}},"loc":{"start":{"line":13,"column":43},"end":{"line":13,"column":81}},"line":13},"2":{"name":"(anonymous_2)","decl":{"start":{"line":17,"column":35},"end":{"line":17,"column":36}},"loc":{"start":{"line":17,"column":40},"end":{"line":17,"column":74}},"line":17},"3":{"name":"(anonymous_3)","decl":{"start":{"line":51,"column":69},"end":{"line":51,"column":70}},"loc":{"start":{"line":51,"column":74},"end":{"line":51,"column":86}},"line":51},"4":{"name":"(anonymous_4)","decl":{"start":{"line":51,"column":131},"end":{"line":51,"column":132}},"loc":{"start":{"line":51,"column":136},"end":{"line":51,"column":148}},"line":51},"5":{"name":"(anonymous_5)","decl":{"start":{"line":58,"column":29},"end":{"line":58,"column":30}},"loc":{"start":{"line":58,"column":34},"end":{"line":58,"column":46}},"line":58},"6":{"name":"(anonymous_6)","decl":{"start":{"line":79,"column":31},"end":{"line":79,"column":32}},"loc":{"start":{"line":79,"column":36},"end":{"line":79,"column":79}},"line":79},"7":{"name":"getStudentStatRangesPeriod","decl":{"start":{"line":119,"column":16},"end":{"line":119,"column":42}},"loc":{"start":{"line":119,"column":94},"end":{"line":140,"column":1}},"line":119},"8":{"name":"getStudentGroupStatRanges","decl":{"start":{"line":142,"column":16},"end":{"line":142,"column":41}},"loc":{"start":{"line":142,"column":101},"end":{"line":164,"column":1}},"line":142},"9":{"name":"(anonymous_9)","decl":{"start":{"line":149,"column":21},"end":{"line":149,"column":22}},"loc":{"start":{"line":149,"column":32},"end":{"line":159,"column":5}},"line":149},"10":{"name":"(anonymous_10)","decl":{"start":{"line":150,"column":46},"end":{"line":150,"column":47}},"loc":{"start":{"line":150,"column":51},"end":{"line":150,"column":77}},"line":150},"11":{"name":"(anonymous_11)","decl":{"start":{"line":151,"column":50},"end":{"line":151,"column":51}},"loc":{"start":{"line":151,"column":55},"end":{"line":151,"column":85}},"line":151},"12":{"name":"getStudentGroupStatRangesPeriod","decl":{"start":{"line":166,"column":16},"end":{"line":166,"column":47}},"loc":{"start":{"line":166,"column":109},"end":{"line":189,"column":1}},"line":166}},"branchMap":{"0":{"loc":{"start":{"line":11,"column":65},"end":{"line":11,"column":84}},"type":"default-arg","locations":[{"start":{"line":11,"column":82},"end":{"line":11,"column":84}}],"line":11},"1":{"loc":{"start":{"line":23,"column":12},"end":{"line":27,"column":13}},"type":"if","locations":[{"start":{"line":23,"column":12},"end":{"line":27,"column":13}},{"start":{},"end":{}}],"line":23},"2":{"loc":{"start":{"line":51,"column":24},"end":{"line":51,"column":156}},"type":"binary-expr","locations":[{"start":{"line":51,"column":24},"end":{"line":51,"column":49}},{"start":{"line":51,"column":53},"end":{"line":51,"column":87}},{"start":{"line":51,"column":91},"end":{"line":51,"column":156}}],"line":51},"3":{"loc":{"start":{"line":54,"column":8},"end":{"line":56,"column":9}},"type":"if","locations":[{"start":{"line":54,"column":8},"end":{"line":56,"column":9}},{"start":{},"end":{}}],"line":54},"4":{"loc":{"start":{"line":58,"column":8},"end":{"line":64,"column":9}},"type":"if","locations":[{"start":{"line":58,"column":8},"end":{"line":64,"column":9}},{"start":{"line":61,"column":13},"end":{"line":64,"column":9}}],"line":58},"5":{"loc":{"start":{"line":68,"column":12},"end":{"line":71,"column":13}},"type":"if","locations":[{"start":{"line":68,"column":12},"end":{"line":71,"column":13}},{"start":{},"end":{}}],"line":68},"6":{"loc":{"start":{"line":68,"column":16},"end":{"line":69,"column":77}},"type":"binary-expr","locations":[{"start":{"line":68,"column":17},"end":{"line":68,"column":47}},{"start":{"line":68,"column":51},"end":{"line":68,"column":80}},{"start":{"line":69,"column":17},"end":{"line":69,"column":45}},{"start":{"line":69,"column":49},"end":{"line":69,"column":76}}],"line":68},"7":{"loc":{"start":{"line":79,"column":12},"end":{"line":80,"column":69}},"type":"if","locations":[{"start":{"line":79,"column":12},"end":{"line":80,"column":69}},{"start":{},"end":{}}],"line":79},"8":{"loc":{"start":{"line":79,"column":36},"end":{"line":79,"column":79}},"type":"binary-expr","locations":[{"start":{"line":79,"column":36},"end":{"line":79,"column":57}},{"start":{"line":79,"column":61},"end":{"line":79,"column":79}}],"line":79},"9":{"loc":{"start":{"line":86,"column":8},"end":{"line":89,"column":9}},"type":"if","locations":[{"start":{"line":86,"column":8},"end":{"line":89,"column":9}},{"start":{},"end":{}}],"line":86},"10":{"loc":{"start":{"line":91,"column":8},"end":{"line":92,"column":21}},"type":"if","locations":[{"start":{"line":91,"column":8},"end":{"line":92,"column":21}},{"start":{},"end":{}}],"line":91},"11":{"loc":{"start":{"line":100,"column":12},"end":{"line":102,"column":13}},"type":"if","locations":[{"start":{"line":100,"column":12},"end":{"line":102,"column":13}},{"start":{},"end":{}}],"line":100},"12":{"loc":{"start":{"line":106,"column":8},"end":{"line":108,"column":9}},"type":"if","locations":[{"start":{"line":106,"column":8},"end":{"line":108,"column":9}},{"start":{},"end":{}}],"line":106},"13":{"loc":{"start":{"line":119,"column":73},"end":{"line":119,"column":92}},"type":"default-arg","locations":[{"start":{"line":119,"column":90},"end":{"line":119,"column":92}}],"line":119},"14":{"loc":{"start":{"line":142,"column":80},"end":{"line":142,"column":99}},"type":"default-arg","locations":[{"start":{"line":142,"column":97},"end":{"line":142,"column":99}}],"line":142},"15":{"loc":{"start":{"line":166,"column":88},"end":{"line":166,"column":107}},"type":"default-arg","locations":[{"start":{"line":166,"column":105},"end":{"line":166,"column":107}}],"line":166}},"s":{"0":1,"1":24,"2":24,"3":164,"4":24,"5":24,"6":120,"7":24,"8":24,"9":24,"10":106,"11":106,"12":106,"13":53,"14":53,"15":53,"16":24,"17":24,"18":24,"19":24,"20":24,"21":120,"22":120,"23":135,"24":63,"25":120,"26":120,"27":9,"28":111,"29":261,"30":54,"31":57,"32":57,"33":57,"34":57,"35":131,"36":131,"37":83,"38":48,"39":48,"40":48,"41":48,"42":48,"43":26,"44":22,"45":57,"46":57,"47":57,"48":22,"49":22,"50":57,"51":9,"52":48,"53":48,"54":48,"55":48,"56":48,"57":13,"58":48,"59":48,"60":13,"61":48,"62":24,"63":24,"64":24,"65":2,"66":2,"67":2,"68":2,"69":2,"70":4,"71":4,"72":4,"73":4,"74":4,"75":4,"76":4,"77":2,"78":6,"79":6,"80":6,"81":12,"82":144,"83":12,"84":84,"85":12,"86":12,"87":12,"88":12,"89":12,"90":12,"91":6,"92":6,"93":2,"94":2,"95":2,"96":2,"97":2,"98":4,"99":4,"100":4,"101":4,"102":4,"103":4,"104":4,"105":2,"106":2},"f":{"0":24,"1":164,"2":120,"3":135,"4":63,"5":261,"6":26,"7":2,"8":6,"9":12,"10":144,"11":84,"12":2},"b":{"0":[4],"1":[53,53],"2":[120,60,33],"3":[9,111],"4":[54,57],"5":[83,48],"6":[131,106,60,12],"7":[22,26],"8":[26,26],"9":[22,35],"10":[9,48],"11":[13,35],"12":[13,35],"13":[1],"14":[1],"15":[1]},"_coverageSchema":"1a1c01bbd47fc00a2c39e90264f33305004495a9","hash":"3e87e5afc0bd9238466618aa5a077f0145f9c51a"}
}
