{"C:\\Users\\Kirill\\Desktop\\ВКР\\attendance\\attendance-app\\src\\pages\\Statistics.js": {"path":"C:\\Users\\Kirill\\Desktop\\ВКР\\attendance\\attendance-app\\src\\pages\\Statistics.js","statementMap":{"0":{"start":{"line":3,"column":21},"end":{"line":9,"column":1}},"1":{"start":{"line":12,"column":4},"end":{"line":12,"column":36}},"2":{"start":{"line":13,"column":22},"end":{"line":13,"column":82}},"3":{"start":{"line":13,"column":43},"end":{"line":13,"column":81}},"4":{"start":{"line":15,"column":21},"end":{"line":15,"column":23}},"5":{"start":{"line":17,"column":4},"end":{"line":17,"column":76}},"6":{"start":{"line":17,"column":40},"end":{"line":17,"column":74}},"7":{"start":{"line":19,"column":25},"end":{"line":19,"column":27}},"8":{"start":{"line":20,"column":4},"end":{"line":32,"column":5}},"9":{"start":{"line":20,"column":21},"end":{"line":20,"column":22}},"10":{"start":{"line":21,"column":24},"end":{"line":21,"column":42}},"11":{"start":{"line":22,"column":8},"end":{"line":31,"column":9}},"12":{"start":{"line":23,"column":12},"end":{"line":27,"column":13}},"13":{"start":{"line":24,"column":32},"end":{"line":24,"column":142}},"14":{"start":{"line":25,"column":31},"end":{"line":25,"column":133}},"15":{"start":{"line":26,"column":16},"end":{"line":26,"column":74}},"16":{"start":{"line":34,"column":19},"end":{"line":34,"column":21}},"17":{"start":{"line":36,"column":23},"end":{"line":42,"column":5}},"18":{"start":{"line":44,"column":21},"end":{"line":46,"column":5}},"19":{"start":{"line":48,"column":4},"end":{"line":111,"column":5}},"20":{"start":{"line":48,"column":17},"end":{"line":48,"column":18}},"21":{"start":{"line":49,"column":26},"end":{"line":49,"column":41}},"22":{"start":{"line":51,"column":24},"end":{"line":51,"column":156}},"23":{"start":{"line":51,"column":74},"end":{"line":51,"column":86}},"24":{"start":{"line":51,"column":136},"end":{"line":51,"column":148}},"25":{"start":{"line":52,"column":8},"end":{"line":52,"column":46}},"26":{"start":{"line":54,"column":8},"end":{"line":56,"column":9}},"27":{"start":{"line":55,"column":12},"end":{"line":55,"column":21}},"28":{"start":{"line":58,"column":8},"end":{"line":64,"column":9}},"29":{"start":{"line":58,"column":34},"end":{"line":58,"column":46}},"30":{"start":{"line":59,"column":12},"end":{"line":59,"column":21}},"31":{"start":{"line":62,"column":12},"end":{"line":62,"column":44}},"32":{"start":{"line":63,"column":12},"end":{"line":63,"column":36}},"33":{"start":{"line":66,"column":8},"end":{"line":81,"column":9}},"34":{"start":{"line":66,"column":21},"end":{"line":66,"column":22}},"35":{"start":{"line":67,"column":25},"end":{"line":67,"column":42}},"36":{"start":{"line":68,"column":12},"end":{"line":71,"column":13}},"37":{"start":{"line":70,"column":16},"end":{"line":70,"column":25}},"38":{"start":{"line":73,"column":24},"end":{"line":73,"column":63}},"39":{"start":{"line":74,"column":22},"end":{"line":74,"column":58}},"40":{"start":{"line":76,"column":12},"end":{"line":76,"column":53}},"41":{"start":{"line":77,"column":12},"end":{"line":77,"column":67}},"42":{"start":{"line":79,"column":12},"end":{"line":80,"column":69}},"43":{"start":{"line":79,"column":36},"end":{"line":79,"column":79}},"44":{"start":{"line":80,"column":16},"end":{"line":80,"column":69}},"45":{"start":{"line":83,"column":8},"end":{"line":83,"column":66}},"46":{"start":{"line":84,"column":8},"end":{"line":84,"column":54}},"47":{"start":{"line":86,"column":8},"end":{"line":89,"column":9}},"48":{"start":{"line":87,"column":12},"end":{"line":87,"column":43}},"49":{"start":{"line":88,"column":12},"end":{"line":88,"column":45}},"50":{"start":{"line":91,"column":8},"end":{"line":92,"column":21}},"51":{"start":{"line":92,"column":12},"end":{"line":92,"column":21}},"52":{"start":{"line":94,"column":24},"end":{"line":94,"column":44}},"53":{"start":{"line":96,"column":21},"end":{"line":96,"column":23}},"54":{"start":{"line":98,"column":26},"end":{"line":98,"column":41}},"55":{"start":{"line":99,"column":8},"end":{"line":104,"column":9}},"56":{"start":{"line":100,"column":12},"end":{"line":102,"column":13}},"57":{"start":{"line":101,"column":16},"end":{"line":101,"column":68}},"58":{"start":{"line":103,"column":12},"end":{"line":103,"column":59}},"59":{"start":{"line":106,"column":8},"end":{"line":108,"column":9}},"60":{"start":{"line":107,"column":12},"end":{"line":107,"column":66}},"61":{"start":{"line":110,"column":8},"end":{"line":110,"column":46}},"62":{"start":{"line":113,"column":4},"end":{"line":113,"column":90}},"63":{"start":{"line":114,"column":4},"end":{"line":114,"column":82}},"64":{"start":{"line":117,"column":4},"end":{"line":117,"column":106}}},"fnMap":{"0":{"name":"getStudentStatRanges","decl":{"start":{"line":11,"column":16},"end":{"line":11,"column":36}},"loc":{"start":{"line":11,"column":86},"end":{"line":118,"column":1}},"line":11},"1":{"name":"(anonymous_1)","decl":{"start":{"line":13,"column":38},"end":{"line":13,"column":39}},"loc":{"start":{"line":13,"column":43},"end":{"line":13,"column":81}},"line":13},"2":{"name":"(anonymous_2)","decl":{"start":{"line":17,"column":35},"end":{"line":17,"column":36}},"loc":{"start":{"line":17,"column":40},"end":{"line":17,"column":74}},"line":17},"3":{"name":"(anonymous_3)","decl":{"start":{"line":51,"column":69},"end":{"line":51,"column":70}},"loc":{"start":{"line":51,"column":74},"end":{"line":51,"column":86}},"line":51},"4":{"name":"(anonymous_4)","decl":{"start":{"line":51,"column":131},"end":{"line":51,"column":132}},"loc":{"start":{"line":51,"column":136},"end":{"line":51,"column":148}},"line":51},"5":{"name":"(anonymous_5)","decl":{"start":{"line":58,"column":29},"end":{"line":58,"column":30}},"loc":{"start":{"line":58,"column":34},"end":{"line":58,"column":46}},"line":58},"6":{"name":"(anonymous_6)","decl":{"start":{"line":79,"column":31},"end":{"line":79,"column":32}},"loc":{"start":{"line":79,"column":36},"end":{"line":79,"column":79}},"line":79}},"branchMap":{"0":{"loc":{"start":{"line":11,"column":65},"end":{"line":11,"column":84}},"type":"default-arg","locations":[{"start":{"line":11,"column":82},"end":{"line":11,"column":84}}],"line":11},"1":{"loc":{"start":{"line":23,"column":12},"end":{"line":27,"column":13}},"type":"if","locations":[{"start":{"line":23,"column":12},"end":{"line":27,"column":13}},{"start":{},"end":{}}],"line":23},"2":{"loc":{"start":{"line":51,"column":24},"end":{"line":51,"column":156}},"type":"binary-expr","locations":[{"start":{"line":51,"column":24},"end":{"line":51,"column":49}},{"start":{"line":51,"column":53},"end":{"line":51,"column":87}},{"start":{"line":51,"column":91},"end":{"line":51,"column":156}}],"line":51},"3":{"loc":{"start":{"line":54,"column":8},"end":{"line":56,"column":9}},"type":"if","locations":[{"start":{"line":54,"column":8},"end":{"line":56,"column":9}},{"start":{},"end":{}}],"line":54},"4":{"loc":{"start":{"line":58,"column":8},"end":{"line":64,"column":9}},"type":"if","locations":[{"start":{"line":58,"column":8},"end":{"line":64,"column":9}},{"start":{"line":61,"column":13},"end":{"line":64,"column":9}}],"line":58},"5":{"loc":{"start":{"line":68,"column":12},"end":{"line":71,"column":13}},"type":"if","locations":[{"start":{"line":68,"column":12},"end":{"line":71,"column":13}},{"start":{},"end":{}}],"line":68},"6":{"loc":{"start":{"line":68,"column":16},"end":{"line":69,"column":77}},"type":"binary-expr","locations":[{"start":{"line":68,"column":17},"end":{"line":68,"column":47}},{"start":{"line":68,"column":51},"end":{"line":68,"column":80}},{"start":{"line":69,"column":17},"end":{"line":69,"column":45}},{"start":{"line":69,"column":49},"end":{"line":69,"column":76}}],"line":68},"7":{"loc":{"start":{"line":79,"column":12},"end":{"line":80,"column":69}},"type":"if","locations":[{"start":{"line":79,"column":12},"end":{"line":80,"column":69}},{"start":{},"end":{}}],"line":79},"8":{"loc":{"start":{"line":79,"column":36},"end":{"line":79,"column":79}},"type":"binary-expr","locations":[{"start":{"line":79,"column":36},"end":{"line":79,"column":57}},{"start":{"line":79,"column":61},"end":{"line":79,"column":79}}],"line":79},"9":{"loc":{"start":{"line":86,"column":8},"end":{"line":89,"column":9}},"type":"if","locations":[{"start":{"line":86,"column":8},"end":{"line":89,"column":9}},{"start":{},"end":{}}],"line":86},"10":{"loc":{"start":{"line":91,"column":8},"end":{"line":92,"column":21}},"type":"if","locations":[{"start":{"line":91,"column":8},"end":{"line":92,"column":21}},{"start":{},"end":{}}],"line":91},"11":{"loc":{"start":{"line":100,"column":12},"end":{"line":102,"column":13}},"type":"if","locations":[{"start":{"line":100,"column":12},"end":{"line":102,"column":13}},{"start":{},"end":{}}],"line":100},"12":{"loc":{"start":{"line":106,"column":8},"end":{"line":108,"column":9}},"type":"if","locations":[{"start":{"line":106,"column":8},"end":{"line":108,"column":9}},{"start":{},"end":{}}],"line":106}},"s":{"0":1,"1":2,"2":2,"3":10,"4":2,"5":2,"6":6,"7":2,"8":2,"9":2,"10":10,"11":10,"12":10,"13":5,"14":5,"15":5,"16":2,"17":2,"18":2,"19":2,"20":2,"21":10,"22":10,"23":12,"24":6,"25":10,"26":10,"27":1,"28":9,"29":23,"30":4,"31":5,"32":5,"33":5,"34":5,"35":13,"36":13,"37":9,"38":4,"39":4,"40":4,"41":4,"42":4,"43":2,"44":2,"45":5,"46":5,"47":5,"48":2,"49":2,"50":5,"51":1,"52":4,"53":4,"54":4,"55":4,"56":4,"57":1,"58":4,"59":4,"60":1,"61":4,"62":2,"63":2,"64":2},"f":{"0":2,"1":10,"2":6,"3":12,"4":6,"5":23,"6":2},"b":{"0":[1],"1":[5,5],"2":[10,5,3],"3":[1,9],"4":[4,5],"5":[9,4],"6":[13,10,6,2],"7":[2,2],"8":[2,2],"9":[2,3],"10":[1,4],"11":[1,3],"12":[1,3]},"_coverageSchema":"1a1c01bbd47fc00a2c39e90264f33305004495a9","hash":"4c8fcbc77f520ee11bc23900eec24f2afb578235"}
}
