TN:
SF:src\pages\Statistics.js
FN:11,getStudentStatRanges
FN:13,(anonymous_1)
FN:17,(anonymous_2)
FN:51,(anonymous_3)
FN:51,(anonymous_4)
FN:58,(anonymous_5)
FN:79,(anonymous_6)
FNF:7
FNH:7
FNDA:2,getStudentStatRanges
FNDA:10,(anonymous_1)
FNDA:6,(anonymous_2)
FNDA:12,(anonymous_3)
FNDA:6,(anonymous_4)
FNDA:23,(anonymous_5)
FNDA:2,(anonymous_6)
DA:3,1
DA:12,2
DA:13,10
DA:15,2
DA:17,6
DA:19,2
DA:20,2
DA:21,10
DA:22,10
DA:23,10
DA:24,5
DA:25,5
DA:26,5
DA:34,2
DA:36,2
DA:44,2
DA:48,2
DA:49,10
DA:51,12
DA:52,10
DA:54,10
DA:55,1
DA:58,23
DA:59,4
DA:62,5
DA:63,5
DA:66,5
DA:67,13
DA:68,13
DA:70,9
DA:73,4
DA:74,4
DA:76,4
DA:77,4
DA:79,4
DA:80,2
DA:83,5
DA:84,5
DA:86,5
DA:87,2
DA:88,2
DA:91,5
DA:92,1
DA:94,4
DA:96,4
DA:98,4
DA:99,4
DA:100,4
DA:101,1
DA:103,4
DA:106,4
DA:107,1
DA:110,4
DA:113,2
DA:114,2
DA:117,2
LF:56
LH:56
BRDA:11,0,0,1
BRDA:23,1,0,5
BRDA:23,1,1,5
BRDA:51,2,0,10
BRDA:51,2,1,5
BRDA:51,2,2,3
BRDA:54,3,0,1
BRDA:54,3,1,9
BRDA:58,4,0,4
BRDA:58,4,1,5
BRDA:68,5,0,9
BRDA:68,5,1,4
BRDA:68,6,0,13
BRDA:68,6,1,10
BRDA:68,6,2,6
BRDA:68,6,3,2
BRDA:79,7,0,2
BRDA:79,7,1,2
BRDA:79,8,0,2
BRDA:79,8,1,2
BRDA:86,9,0,2
BRDA:86,9,1,3
BRDA:91,10,0,1
BRDA:91,10,1,4
BRDA:100,11,0,1
BRDA:100,11,1,3
BRDA:106,12,0,1
BRDA:106,12,1,3
BRF:28
BRH:28
end_of_record
