TN:
SF:src\pages\Statistics.js
FN:11,getStudentStatRanges
FN:13,(anonymous_1)
FN:17,(anonymous_2)
FN:51,(anonymous_3)
FN:51,(anonymous_4)
FN:58,(anonymous_5)
FN:79,(anonymous_6)
FN:119,getStudentStatRangesPeriod
FN:142,getStudentGroupStatRanges
FN:149,(anonymous_9)
FN:150,(anonymous_10)
FN:151,(anonymous_11)
FN:166,getStudentGroupStatRangesPeriod
FNF:13
FNH:13
FNDA:24,getStudentStatRanges
FNDA:164,(anonymous_1)
FNDA:120,(anonymous_2)
FNDA:135,(anonymous_3)
FNDA:63,(anonymous_4)
FNDA:261,(anonymous_5)
FNDA:26,(anonymous_6)
FNDA:2,getStudentStatRangesPeriod
FNDA:6,getStudentGroupStatRanges
FNDA:12,(anonymous_9)
FNDA:144,(anonymous_10)
FNDA:84,(anonymous_11)
FNDA:2,getStudentGroupStatRangesPeriod
DA:3,1
DA:12,24
DA:13,164
DA:15,24
DA:17,120
DA:19,24
DA:20,24
DA:21,106
DA:22,106
DA:23,106
DA:24,53
DA:25,53
DA:26,53
DA:34,24
DA:36,24
DA:44,24
DA:48,24
DA:49,120
DA:51,135
DA:52,120
DA:54,120
DA:55,9
DA:58,261
DA:59,54
DA:62,57
DA:63,57
DA:66,57
DA:67,131
DA:68,131
DA:70,83
DA:73,48
DA:74,48
DA:76,48
DA:77,48
DA:79,48
DA:80,22
DA:83,57
DA:84,57
DA:86,57
DA:87,22
DA:88,22
DA:91,57
DA:92,9
DA:94,48
DA:96,48
DA:98,48
DA:99,48
DA:100,48
DA:101,13
DA:103,48
DA:106,48
DA:107,13
DA:110,48
DA:113,24
DA:114,24
DA:116,24
DA:120,2
DA:121,2
DA:122,2
DA:124,2
DA:128,2
DA:129,4
DA:130,4
DA:131,4
DA:132,4
DA:133,4
DA:134,4
DA:136,4
DA:139,2
DA:143,6
DA:145,6
DA:149,6
DA:150,144
DA:151,84
DA:152,12
DA:154,12
DA:155,12
DA:156,12
DA:157,12
DA:158,12
DA:161,6
DA:163,6
DA:167,2
DA:168,2
DA:169,2
DA:171,2
DA:175,2
DA:176,4
DA:177,4
DA:178,4
DA:179,4
DA:180,4
DA:181,4
DA:183,4
DA:186,2
DA:188,2
LF:96
LH:96
BRDA:11,0,0,4
BRDA:23,1,0,53
BRDA:23,1,1,53
BRDA:51,2,0,120
BRDA:51,2,1,60
BRDA:51,2,2,33
BRDA:54,3,0,9
BRDA:54,3,1,111
BRDA:58,4,0,54
BRDA:58,4,1,57
BRDA:68,5,0,83
BRDA:68,5,1,48
BRDA:68,6,0,131
BRDA:68,6,1,106
BRDA:68,6,2,60
BRDA:68,6,3,12
BRDA:79,7,0,22
BRDA:79,7,1,26
BRDA:79,8,0,26
BRDA:79,8,1,26
BRDA:86,9,0,22
BRDA:86,9,1,35
BRDA:91,10,0,9
BRDA:91,10,1,48
BRDA:100,11,0,13
BRDA:100,11,1,35
BRDA:106,12,0,13
BRDA:106,12,1,35
BRDA:119,13,0,1
BRDA:142,14,0,1
BRDA:166,15,0,1
BRF:31
BRH:31
end_of_record
